2016/10/08 14:15:37 INFO  - jmeter.util.JMeterUtils: Setting Locale to zh_CN 
2016/10/08 14:15:37 INFO  - jmeter.JMeter: Loading user properties from: /usr/local/Cellar/jmeter/3.0/libexec/bin/user.properties 
2016/10/08 14:15:37 INFO  - jmeter.JMeter: Loading system properties from: /usr/local/Cellar/jmeter/3.0/libexec/bin/system.properties 
2016/10/08 14:15:37 INFO  - jmeter.JMeter: Copyright (c) 1998-2016 The Apache Software Foundation 
2016/10/08 14:15:37 INFO  - jmeter.JMeter: Version 3.0 r1743807 
2016/10/08 14:15:37 INFO  - jmeter.JMeter: java.version=1.8.0_65 
2016/10/08 14:15:37 INFO  - jmeter.JMeter: java.vm.name=Java HotSpot(TM) 64-Bit Server VM 
2016/10/08 14:15:37 INFO  - jmeter.JMeter: os.name=Mac OS X 
2016/10/08 14:15:37 INFO  - jmeter.JMeter: os.arch=x86_64 
2016/10/08 14:15:37 INFO  - jmeter.JMeter: os.version=10.11.6 
2016/10/08 14:15:37 INFO  - jmeter.JMeter: file.encoding=UTF-8 
2016/10/08 14:15:37 INFO  - jmeter.JMeter: Max memory     =514850816 
2016/10/08 14:15:37 INFO  - jmeter.JMeter: Available Processors =4 
2016/10/08 14:15:37 INFO  - jmeter.JMeter: Default Locale=中文 (中国) 
2016/10/08 14:15:37 INFO  - jmeter.JMeter: JMeter  Locale=中文 (中国) 
2016/10/08 14:15:37 INFO  - jmeter.JMeter: JMeterHome=/usr/local/Cellar/jmeter/3.0/libexec 
2016/10/08 14:15:37 INFO  - jmeter.JMeter: user.dir  =/Users/huis/TestSpace/interface-perform-test 
2016/10/08 14:15:37 INFO  - jmeter.JMeter: PWD       =/Users/huis/TestSpace/interface-perform-test 
2016/10/08 14:15:37 INFO  - jmeter.JMeter: IP: 172.168.1.65 Name: aca80141.ipt.aol.com FullName: aca80141.ipt.aol.com 
2016/10/08 14:15:37 INFO  - jmeter.services.FileServer: Default base='/Users/huis/TestSpace/interface-perform-test' 
2016/10/08 14:15:37 INFO  - jmeter.services.FileServer: Set new base='/Users/huis/TestSpace/interface-perform-test/./jmx' 
2016/10/08 14:15:38 INFO  - jmeter.save.SaveService: Testplan (JMX) version: 2.2. Testlog (JTL) version: 2.2 
2016/10/08 14:15:38 INFO  - jmeter.save.SaveService: Using SaveService properties file encoding UTF-8 
2016/10/08 14:15:38 INFO  - jmeter.save.SaveService: Using SaveService properties version 2.9 
2016/10/08 14:15:38 INFO  - jmeter.save.SaveService: All converter versions present and correct 
2016/10/08 14:15:38 INFO  - jmeter.save.SaveService: Loading file: ./jmx/rls_login.jmx 
2016/10/08 14:15:38 INFO  - jmeter.protocol.http.control.CookieManager: Settings: Delete null: true Check: true Allow variable: true Save: false Prefix: COOKIE_ 
2016/10/08 14:15:38 INFO  - jmeter.protocol.http.control.CacheManager: Will only cache the following methods: [GET] 
2016/10/08 14:15:38 INFO  - jmeter.protocol.http.sampler.HTTPSamplerBase: Parser for text/html is org.apache.jmeter.protocol.http.parser.LagartoBasedHtmlParser 
2016/10/08 14:15:38 INFO  - jmeter.protocol.http.sampler.HTTPSamplerBase: Parser for application/xhtml+xml is org.apache.jmeter.protocol.http.parser.LagartoBasedHtmlParser 
2016/10/08 14:15:38 INFO  - jmeter.protocol.http.sampler.HTTPSamplerBase: Parser for application/xml is org.apache.jmeter.protocol.http.parser.LagartoBasedHtmlParser 
2016/10/08 14:15:38 INFO  - jmeter.protocol.http.sampler.HTTPSamplerBase: Parser for text/xml is org.apache.jmeter.protocol.http.parser.LagartoBasedHtmlParser 
2016/10/08 14:15:38 INFO  - jmeter.protocol.http.sampler.HTTPSamplerBase: Parser for text/vnd.wap.wml is org.apache.jmeter.protocol.http.parser.RegexpHTMLParser 
2016/10/08 14:15:38 INFO  - jmeter.protocol.http.sampler.HTTPSamplerBase: Parser for text/css is org.apache.jmeter.protocol.http.parser.CssParser 
2016/10/08 14:15:38 INFO  - jmeter.JMeter: Creating summariser <summary> 
2016/10/08 14:15:38 INFO  - jmeter.engine.StandardJMeterEngine: Running the test! 
2016/10/08 14:15:38 INFO  - jmeter.samplers.SampleEvent: List of sample_variables: [] 
2016/10/08 14:15:38 INFO  - jmeter.samplers.SampleEvent: List of sample_variables: [] 
2016/10/08 14:15:38 INFO  - jmeter.engine.util.CompoundVariable: Note: Function class names must contain the string: '.functions.' 
2016/10/08 14:15:38 INFO  - jmeter.engine.util.CompoundVariable: Note: Function class names must not contain the string: '.gui.' 
2016/10/08 14:15:38 INFO  - jmeter.JMeter: 正在运行的测试 (1475907338379) 
2016/10/08 14:15:38 INFO  - jmeter.engine.StandardJMeterEngine: Starting ThreadGroup: 1 : Thread Group 
2016/10/08 14:15:38 INFO  - jmeter.engine.StandardJMeterEngine: Starting 1 threads for group Thread Group. 
2016/10/08 14:15:38 INFO  - jmeter.engine.StandardJMeterEngine: Thread will continue on error 
2016/10/08 14:15:38 INFO  - jmeter.threads.ThreadGroup: Starting thread group number 1 threads 1 ramp-up 1 perThread 1000.0 delayedStart=false 
2016/10/08 14:15:38 INFO  - jmeter.threads.ThreadGroup: Started thread group number 1 
2016/10/08 14:15:38 INFO  - jmeter.engine.StandardJMeterEngine: All thread groups have been started 
2016/10/08 14:15:38 INFO  - jmeter.threads.JMeterThread: Thread started: Thread Group 1-1 
2016/10/08 14:15:38 INFO  - jmeter.protocol.http.sampler.HTTPHCAbstractImpl: Local host = aca80141.ipt.aol.com 
2016/10/08 14:15:38 INFO  - jmeter.protocol.http.sampler.HTTPHC4Impl: HTTP request retry count = 0 
2016/10/08 14:15:38 INFO  - jmeter.samplers.SampleResult: Note: Sample TimeStamps are START times 
2016/10/08 14:15:38 INFO  - jmeter.samplers.SampleResult: sampleresult.default.encoding is set to ISO-8859-1 
2016/10/08 14:15:38 INFO  - jmeter.samplers.SampleResult: sampleresult.useNanoTime=true 
2016/10/08 14:15:38 INFO  - jmeter.samplers.SampleResult: sampleresult.nanoThreadSleep=5000 
2016/10/08 14:15:38 INFO  - jmeter.protocol.http.sampler.LazySchemeSocketFactory: Setting up HTTPS TrustAll Socket Factory 
2016/10/08 14:15:38 INFO  - jmeter.util.JsseSSLManager: Using default SSL protocol: TLS 
2016/10/08 14:15:38 INFO  - jmeter.util.JsseSSLManager: SSL session context: per-thread 
2016/10/08 14:15:38 INFO  - jmeter.util.SSLManager: JmeterKeyStore Location:  type JKS 
2016/10/08 14:15:38 INFO  - jmeter.util.SSLManager: KeyStore created OK 
2016/10/08 14:15:38 WARN  - jmeter.util.SSLManager: Keystore file not found, loading empty keystore 
2016/10/08 14:15:42 INFO  - jmeter.threads.JMeterThread: Thread is done: Thread Group 1-1 
2016/10/08 14:15:42 INFO  - jmeter.threads.JMeterThread: Thread finished: Thread Group 1-1 
2016/10/08 14:15:42 INFO  - jmeter.engine.StandardJMeterEngine: Notifying test listeners of end of test 
2016/10/08 14:15:42 INFO  - jmeter.reporters.Summariser: summary =      6 in 00:00:04 =    1.3/s Avg:   692 Min:   485 Max:  1429 Err:     0 (0.00%) 
